<?xml version="1.0" encoding="UTF-8"?>
<!-- Generated by org.testng.reporters.JUnitReportReporter -->
<testsuite hostname="DESKTOP-NJESNUH" failures="0" tests="1" name="amazon.NewSearch" time="32.409" errors="0" timestamp="2023-07-03T14:48:59 IST" skipped="0">
  <testcase classname="amazon.NewSearch" name="Watch" time="32.409"/>
  <system-out/>
</testsuite> <!-- amazon.NewSearch -->
